Loaded 18 job(s) using Round Robin (RR) with a quantum of 2 scheduling...

=== [TIME 0] ===
A new job, job 0 (running time=3, priority=2), arrived. Job 0 is now running on processor.
  Queue: 0(0) 

At the end of time unit 0...
  History: 0

  Queue: 0(0) 

=== [TIME 1] ===
A new job, job 1 (running time=20, priority=3), arrived. Job 1 is set to idle (-1).
  Queue: 0(0) 1(-1) 

At the end of time unit 1...
  History: 00

  Queue: 0(0) 1(-1) 

=== [TIME 2] ===
Job 0 had its quantum expire. Processor is now running job 1.
  Queue: 1(0) 0(-1) 

A new job, job 2 (running time=5, priority=1), arrived. Job 2 is set to idle (-1).
  Queue: 1(0) 0(-1) 2(-1) 

At the end of time unit 2...
  History: 001

  Queue: 1(0) 0(-1) 2(-1) 

=== [TIME 3] ===
A new job, job 3 (running time=2, priority=4), arrived. Job 3 is set to idle (-1).
  Queue: 1(0) 0(-1) 2(-1) 3(-1) 

At the end of time unit 3...
  History: 0011

  Queue: 1(0) 0(-1) 2(-1) 3(-1) 

=== [TIME 4] ===
Job 1 had its quantum expire. Processor is now running job 0.
  Queue: 0(0) 2(-1) 3(-1) 1(-1) 

A new job, job 4 (running time=4, priority=5), arrived. Job 4 is set to idle (-1).
  Queue: 0(0) 2(-1) 3(-1) 1(-1) 4(-1) 

At the end of time unit 4...
  History: 00110

  Queue: 0(0) 2(-1) 3(-1) 1(-1) 4(-1) 

=== [TIME 5] ===
Job 0 finished. Processor is now running job 2.
  Queue: 2(0) 3(-1) 1(-1) 4(-1) 

A new job, job 5 (running time=8, priority=3), arrived. Job 5 is set to idle (-1).
  Queue: 2(0) 3(-1) 1(-1) 4(-1) 5(-1) 

At the end of time unit 5...
  History: 001102

  Queue: 2(0) 3(-1) 1(-1) 4(-1) 5(-1) 

=== [TIME 6] ===
A new job, job 6 (running time=11, priority=2), arrived. Job 6 is set to idle (-1).
  Queue: 2(0) 3(-1) 1(-1) 4(-1) 5(-1) 6(-1) 

At the end of time unit 6...
  History: 0011022

  Queue: 2(0) 3(-1) 1(-1) 4(-1) 5(-1) 6(-1) 

=== [TIME 7] ===
Job 2 had its quantum expire. Processor is now running job 3.
  Queue: 3(0) 1(-1) 4(-1) 5(-1) 6(-1) 2(-1) 

A new job, job 7 (running time=3, priority=4), arrived. Job 7 is set to idle (-1).
  Queue: 3(0) 1(-1) 4(-1) 5(-1) 6(-1) 2(-1) 7(-1) 

At the end of time unit 7...
  History: 00110223

  Queue: 3(0) 1(-1) 4(-1) 5(-1) 6(-1) 2(-1) 7(-1) 

=== [TIME 8] ===
A new job, job 8 (running time=15, priority=1), arrived. Job 8 is set to idle (-1).
  Queue: 3(0) 1(-1) 4(-1) 5(-1) 6(-1) 2(-1) 7(-1) 8(-1) 

At the end of time unit 8...
  History: 001102233

  Queue: 3(0) 1(-1) 4(-1) 5(-1) 6(-1) 2(-1) 7(-1) 8(-1) 

=== [TIME 9] ===
Job 3 finished. Processor is now running job 1.
  Queue: 1(0) 4(-1) 5(-1) 6(-1) 2(-1) 7(-1) 8(-1) 

A new job, job 9 (running time=9, priority=4), arrived. Job 9 is set to idle (-1).
  Queue: 1(0) 4(-1) 5(-1) 6(-1) 2(-1) 7(-1) 8(-1) 9(-1) 

At the end of time unit 9...
  History: 0011022331

  Queue: 1(0) 4(-1) 5(-1) 6(-1) 2(-1) 7(-1) 8(-1) 9(-1) 

=== [TIME 10] ===
A new job, job 10 (running time=12, priority=2), arrived. Job 10 is set to idle (-1).
  Queue: 1(0) 4(-1) 5(-1) 6(-1) 2(-1) 7(-1) 8(-1) 9(-1) 10(-1) 

At the end of time unit 10...
  History: 00110223311

  Queue: 1(0) 4(-1) 5(-1) 6(-1) 2(-1) 7(-1) 8(-1) 9(-1) 10(-1) 

=== [TIME 11] ===
Job 1 had its quantum expire. Processor is now running job 4.
  Queue: 4(0) 5(-1) 6(-1) 2(-1) 7(-1) 8(-1) 9(-1) 10(-1) 1(-1) 

A new job, job 11 (running time=9, priority=3), arrived. Job 11 is set to idle (-1).
  Queue: 4(0) 5(-1) 6(-1) 2(-1) 7(-1) 8(-1) 9(-1) 10(-1) 1(-1) 11(-1) 

At the end of time unit 11...
  History: 001102233114

  Queue: 4(0) 5(-1) 6(-1) 2(-1) 7(-1) 8(-1) 9(-1) 10(-1) 1(-1) 11(-1) 

=== [TIME 12] ===
A new job, job 12 (running time=14, priority=2), arrived. Job 12 is set to idle (-1).
  Queue: 4(0) 5(-1) 6(-1) 2(-1) 7(-1) 8(-1) 9(-1) 10(-1) 1(-1) 11(-1) 12(-1) 

At the end of time unit 12...
  History: 0011022331144

  Queue: 4(0) 5(-1) 6(-1) 2(-1) 7(-1) 8(-1) 9(-1) 10(-1) 1(-1) 11(-1) 12(-1) 

=== [TIME 13] ===
Job 4 had its quantum expire. Processor is now running job 5.
  Queue: 5(0) 6(-1) 2(-1) 7(-1) 8(-1) 9(-1) 10(-1) 1(-1) 11(-1) 12(-1) 4(-1) 

A new job, job 13 (running time=2, priority=5), arrived. Job 13 is set to idle (-1).
  Queue: 5(0) 6(-1) 2(-1) 7(-1) 8(-1) 9(-1) 10(-1) 1(-1) 11(-1) 12(-1) 4(-1) 13(-1) 

At the end of time unit 13...
  History: 00110223311445

  Queue: 5(0) 6(-1) 2(-1) 7(-1) 8(-1) 9(-1) 10(-1) 1(-1) 11(-1) 12(-1) 4(-1) 13(-1) 

=== [TIME 14] ===
A new job, job 14 (running time=7, priority=3), arrived. Job 14 is set to idle (-1).
  Queue: 5(0) 6(-1) 2(-1) 7(-1) 8(-1) 9(-1) 10(-1) 1(-1) 11(-1) 12(-1) 4(-1) 13(-1) 14(-1) 

At the end of time unit 14...
  History: 001102233114455

  Queue: 5(0) 6(-1) 2(-1) 7(-1) 8(-1) 9(-1) 10(-1) 1(-1) 11(-1) 12(-1) 4(-1) 13(-1) 14(-1) 

=== [TIME 15] ===
Job 5 had its quantum expire. Processor is now running job 6.
  Queue: 6(0) 2(-1) 7(-1) 8(-1) 9(-1) 10(-1) 1(-1) 11(-1) 12(-1) 4(-1) 13(-1) 14(-1) 5(-1) 

A new job, job 15 (running time=12, priority=2), arrived. Job 15 is set to idle (-1).
  Queue: 6(0) 2(-1) 7(-1) 8(-1) 9(-1) 10(-1) 1(-1) 11(-1) 12(-1) 4(-1) 13(-1) 14(-1) 5(-1) 15(-1) 

At the end of time unit 15...
  History: 0011022331144556

  Queue: 6(0) 2(-1) 7(-1) 8(-1) 9(-1) 10(-1) 1(-1) 11(-1) 12(-1) 4(-1) 13(-1) 14(-1) 5(-1) 15(-1) 

=== [TIME 16] ===
A new job, job 16 (running time=15, priority=1), arrived. Job 16 is set to idle (-1).
  Queue: 6(0) 2(-1) 7(-1) 8(-1) 9(-1) 10(-1) 1(-1) 11(-1) 12(-1) 4(-1) 13(-1) 14(-1) 5(-1) 15(-1) 16(-1) 

At the end of time unit 16...
  History: 00110223311445566

  Queue: 6(0) 2(-1) 7(-1) 8(-1) 9(-1) 10(-1) 1(-1) 11(-1) 12(-1) 4(-1) 13(-1) 14(-1) 5(-1) 15(-1) 16(-1) 

=== [TIME 17] ===
Job 6 had its quantum expire. Processor is now running job 2.
  Queue: 2(0) 7(-1) 8(-1) 9(-1) 10(-1) 1(-1) 11(-1) 12(-1) 4(-1) 13(-1) 14(-1) 5(-1) 15(-1) 16(-1) 6(-1) 

A new job, job 17 (running time=9, priority=4), arrived. Job 17 is set to idle (-1).
  Queue: 2(0) 7(-1) 8(-1) 9(-1) 10(-1) 1(-1) 11(-1) 12(-1) 4(-1) 13(-1) 14(-1) 5(-1) 15(-1) 16(-1) 6(-1) 17(-1) 

At the end of time unit 17...
  History: 001102233114455662

  Queue: 2(0) 7(-1) 8(-1) 9(-1) 10(-1) 1(-1) 11(-1) 12(-1) 4(-1) 13(-1) 14(-1) 5(-1) 15(-1) 16(-1) 6(-1) 17(-1) 

=== [TIME 18] ===
At the end of time unit 18...
  History: 0011022331144556622

  Queue: 2(0) 7(-1) 8(-1) 9(-1) 10(-1) 1(-1) 11(-1) 12(-1) 4(-1) 13(-1) 14(-1) 5(-1) 15(-1) 16(-1) 6(-1) 17(-1) 

=== [TIME 19] ===
Job 2 had its quantum expire. Processor is now running job 7.
  Queue: 7(0) 8(-1) 9(-1) 10(-1) 1(-1) 11(-1) 12(-1) 4(-1) 13(-1) 14(-1) 5(-1) 15(-1) 16(-1) 6(-1) 17(-1) 2(-1) 

At the end of time unit 19...
  History: 00110223311445566227

  Queue: 7(0) 8(-1) 9(-1) 10(-1) 1(-1) 11(-1) 12(-1) 4(-1) 13(-1) 14(-1) 5(-1) 15(-1) 16(-1) 6(-1) 17(-1) 2(-1) 

=== [TIME 20] ===
At the end of time unit 20...
  History: 001102233114455662277

  Queue: 7(0) 8(-1) 9(-1) 10(-1) 1(-1) 11(-1) 12(-1) 4(-1) 13(-1) 14(-1) 5(-1) 15(-1) 16(-1) 6(-1) 17(-1) 2(-1) 

=== [TIME 21] ===
Job 7 had its quantum expire. Processor is now running job 8.
  Queue: 8(0) 9(-1) 10(-1) 1(-1) 11(-1) 12(-1) 4(-1) 13(-1) 14(-1) 5(-1) 15(-1) 16(-1) 6(-1) 17(-1) 2(-1) 7(-1) 

At the end of time unit 21...
  History: 0011022331144556622778

  Queue: 8(0) 9(-1) 10(-1) 1(-1) 11(-1) 12(-1) 4(-1) 13(-1) 14(-1) 5(-1) 15(-1) 16(-1) 6(-1) 17(-1) 2(-1) 7(-1) 

=== [TIME 22] ===
At the end of time unit 22...
  History: 00110223311445566227788

  Queue: 8(0) 9(-1) 10(-1) 1(-1) 11(-1) 12(-1) 4(-1) 13(-1) 14(-1) 5(-1) 15(-1) 16(-1) 6(-1) 17(-1) 2(-1) 7(-1) 

=== [TIME 23] ===
Job 8 had its quantum expire. Processor is now running job 9.
  Queue: 9(0) 10(-1) 1(-1) 11(-1) 12(-1) 4(-1) 13(-1) 14(-1) 5(-1) 15(-1) 16(-1) 6(-1) 17(-1) 2(-1) 7(-1) 8(-1) 

At the end of time unit 23...
  History: 001102233114455662277889

  Queue: 9(0) 10(-1) 1(-1) 11(-1) 12(-1) 4(-1) 13(-1) 14(-1) 5(-1) 15(-1) 16(-1) 6(-1) 17(-1) 2(-1) 7(-1) 8(-1) 

=== [TIME 24] ===
At the end of time unit 24...
  History: 0011022331144556622778899

  Queue: 9(0) 10(-1) 1(-1) 11(-1) 12(-1) 4(-1) 13(-1) 14(-1) 5(-1) 15(-1) 16(-1) 6(-1) 17(-1) 2(-1) 7(-1) 8(-1) 

=== [TIME 25] ===
Job 9 had its quantum expire. Processor is now running job 10.
  Queue: 10(0) 1(-1) 11(-1) 12(-1) 4(-1) 13(-1) 14(-1) 5(-1) 15(-1) 16(-1) 6(-1) 17(-1) 2(-1) 7(-1) 8(-1) 9(-1) 

At the end of time unit 25...
  History: 0011022331144556622778899a

  Queue: 10(0) 1(-1) 11(-1) 12(-1) 4(-1) 13(-1) 14(-1) 5(-1) 15(-1) 16(-1) 6(-1) 17(-1) 2(-1) 7(-1) 8(-1) 9(-1) 

=== [TIME 26] ===
At the end of time unit 26...
  History: 0011022331144556622778899aa

  Queue: 10(0) 1(-1) 11(-1) 12(-1) 4(-1) 13(-1) 14(-1) 5(-1) 15(-1) 16(-1) 6(-1) 17(-1) 2(-1) 7(-1) 8(-1) 9(-1) 

=== [TIME 27] ===
Job 10 had its quantum expire. Processor is now running job 1.
  Queue: 1(0) 11(-1) 12(-1) 4(-1) 13(-1) 14(-1) 5(-1) 15(-1) 16(-1) 6(-1) 17(-1) 2(-1) 7(-1) 8(-1) 9(-1) 10(-1) 

At the end of time unit 27...
  History: 0011022331144556622778899aa1

  Queue: 1(0) 11(-1) 12(-1) 4(-1) 13(-1) 14(-1) 5(-1) 15(-1) 16(-1) 6(-1) 17(-1) 2(-1) 7(-1) 8(-1) 9(-1) 10(-1) 

=== [TIME 28] ===
At the end of time unit 28...
  History: 0011022331144556622778899aa11

  Queue: 1(0) 11(-1) 12(-1) 4(-1) 13(-1) 14(-1) 5(-1) 15(-1) 16(-1) 6(-1) 17(-1) 2(-1) 7(-1) 8(-1) 9(-1) 10(-1) 

=== [TIME 29] ===
Job 1 had its quantum expire. Processor is now running job 11.
  Queue: 11(0) 12(-1) 4(-1) 13(-1) 14(-1) 5(-1) 15(-1) 16(-1) 6(-1) 17(-1) 2(-1) 7(-1) 8(-1) 9(-1) 10(-1) 1(-1) 

At the end of time unit 29...
  History: 0011022331144556622778899aa11b

  Queue: 11(0) 12(-1) 4(-1) 13(-1) 14(-1) 5(-1) 15(-1) 16(-1) 6(-1) 17(-1) 2(-1) 7(-1) 8(-1) 9(-1) 10(-1) 1(-1) 

=== [TIME 30] ===
At the end of time unit 30...
  History: 0011022331144556622778899aa11bb

  Queue: 11(0) 12(-1) 4(-1) 13(-1) 14(-1) 5(-1) 15(-1) 16(-1) 6(-1) 17(-1) 2(-1) 7(-1) 8(-1) 9(-1) 10(-1) 1(-1) 

=== [TIME 31] ===
Job 11 had its quantum expire. Processor is now running job 12.
  Queue: 12(0) 4(-1) 13(-1) 14(-1) 5(-1) 15(-1) 16(-1) 6(-1) 17(-1) 2(-1) 7(-1) 8(-1) 9(-1) 10(-1) 1(-1) 11(-1) 

At the end of time unit 31...
  History: 0011022331144556622778899aa11bbc

  Queue: 12(0) 4(-1) 13(-1) 14(-1) 5(-1) 15(-1) 16(-1) 6(-1) 17(-1) 2(-1) 7(-1) 8(-1) 9(-1) 10(-1) 1(-1) 11(-1) 

=== [TIME 32] ===
At the end of time unit 32...
  History: 0011022331144556622778899aa11bbcc

  Queue: 12(0) 4(-1) 13(-1) 14(-1) 5(-1) 15(-1) 16(-1) 6(-1) 17(-1) 2(-1) 7(-1) 8(-1) 9(-1) 10(-1) 1(-1) 11(-1) 

=== [TIME 33] ===
Job 12 had its quantum expire. Processor is now running job 4.
  Queue: 4(0) 13(-1) 14(-1) 5(-1) 15(-1) 16(-1) 6(-1) 17(-1) 2(-1) 7(-1) 8(-1) 9(-1) 10(-1) 1(-1) 11(-1) 12(-1) 

At the end of time unit 33...
  History: 0011022331144556622778899aa11bbcc4

  Queue: 4(0) 13(-1) 14(-1) 5(-1) 15(-1) 16(-1) 6(-1) 17(-1) 2(-1) 7(-1) 8(-1) 9(-1) 10(-1) 1(-1) 11(-1) 12(-1) 

=== [TIME 34] ===
At the end of time unit 34...
  History: 0011022331144556622778899aa11bbcc44

  Queue: 4(0) 13(-1) 14(-1) 5(-1) 15(-1) 16(-1) 6(-1) 17(-1) 2(-1) 7(-1) 8(-1) 9(-1) 10(-1) 1(-1) 11(-1) 12(-1) 

=== [TIME 35] ===
Job 4 finished. Processor is now running job 13.
  Queue: 13(0) 14(-1) 5(-1) 15(-1) 16(-1) 6(-1) 17(-1) 2(-1) 7(-1) 8(-1) 9(-1) 10(-1) 1(-1) 11(-1) 12(-1) 

At the end of time unit 35...
  History: 0011022331144556622778899aa11bbcc44d

  Queue: 13(0) 14(-1) 5(-1) 15(-1) 16(-1) 6(-1) 17(-1) 2(-1) 7(-1) 8(-1) 9(-1) 10(-1) 1(-1) 11(-1) 12(-1) 

=== [TIME 36] ===
At the end of time unit 36...
  History: 0011022331144556622778899aa11bbcc44dd

  Queue: 13(0) 14(-1) 5(-1) 15(-1) 16(-1) 6(-1) 17(-1) 2(-1) 7(-1) 8(-1) 9(-1) 10(-1) 1(-1) 11(-1) 12(-1) 

=== [TIME 37] ===
Job 13 finished. Processor is now running job 14.
  Queue: 14(0) 5(-1) 15(-1) 16(-1) 6(-1) 17(-1) 2(-1) 7(-1) 8(-1) 9(-1) 10(-1) 1(-1) 11(-1) 12(-1) 

At the end of time unit 37...
  History: 0011022331144556622778899aa11bbcc44dde

  Queue: 14(0) 5(-1) 15(-1) 16(-1) 6(-1) 17(-1) 2(-1) 7(-1) 8(-1) 9(-1) 10(-1) 1(-1) 11(-1) 12(-1) 

=== [TIME 38] ===
At the end of time unit 38...
  History: 0011022331144556622778899aa11bbcc44ddee

  Queue: 14(0) 5(-1) 15(-1) 16(-1) 6(-1) 17(-1) 2(-1) 7(-1) 8(-1) 9(-1) 10(-1) 1(-1) 11(-1) 12(-1) 

=== [TIME 39] ===
Job 14 had its quantum expire. Processor is now running job 5.
  Queue: 5(0) 15(-1) 16(-1) 6(-1) 17(-1) 2(-1) 7(-1) 8(-1) 9(-1) 10(-1) 1(-1) 11(-1) 12(-1) 14(-1) 

At the end of time unit 39...
  History: 0011022331144556622778899aa11bbcc44ddee5

  Queue: 5(0) 15(-1) 16(-1) 6(-1) 17(-1) 2(-1) 7(-1) 8(-1) 9(-1) 10(-1) 1(-1) 11(-1) 12(-1) 14(-1) 

=== [TIME 40] ===
At the end of time unit 40...
  History: 0011022331144556622778899aa11bbcc44ddee55

  Queue: 5(0) 15(-1) 16(-1) 6(-1) 17(-1) 2(-1) 7(-1) 8(-1) 9(-1) 10(-1) 1(-1) 11(-1) 12(-1) 14(-1) 

=== [TIME 41] ===
Job 5 had its quantum expire. Processor is now running job 15.
  Queue: 15(0) 16(-1) 6(-1) 17(-1) 2(-1) 7(-1) 8(-1) 9(-1) 10(-1) 1(-1) 11(-1) 12(-1) 14(-1) 5(-1) 

At the end of time unit 41...
  History: 0011022331144556622778899aa11bbcc44ddee55f

  Queue: 15(0) 16(-1) 6(-1) 17(-1) 2(-1) 7(-1) 8(-1) 9(-1) 10(-1) 1(-1) 11(-1) 12(-1) 14(-1) 5(-1) 

=== [TIME 42] ===
At the end of time unit 42...
  History: 0011022331144556622778899aa11bbcc44ddee55ff

  Queue: 15(0) 16(-1) 6(-1) 17(-1) 2(-1) 7(-1) 8(-1) 9(-1) 10(-1) 1(-1) 11(-1) 12(-1) 14(-1) 5(-1) 

=== [TIME 43] ===
Job 15 had its quantum expire. Processor is now running job 16.
  Queue: 16(0) 6(-1) 17(-1) 2(-1) 7(-1) 8(-1) 9(-1) 10(-1) 1(-1) 11(-1) 12(-1) 14(-1) 5(-1) 15(-1) 

At the end of time unit 43...
  History: 0011022331144556622778899aa11bbcc44ddee55ffg

  Queue: 16(0) 6(-1) 17(-1) 2(-1) 7(-1) 8(-1) 9(-1) 10(-1) 1(-1) 11(-1) 12(-1) 14(-1) 5(-1) 15(-1) 

=== [TIME 44] ===
At the end of time unit 44...
  History: 0011022331144556622778899aa11bbcc44ddee55ffgg

  Queue: 16(0) 6(-1) 17(-1) 2(-1) 7(-1) 8(-1) 9(-1) 10(-1) 1(-1) 11(-1) 12(-1) 14(-1) 5(-1) 15(-1) 

=== [TIME 45] ===
Job 16 had its quantum expire. Processor is now running job 6.
  Queue: 6(0) 17(-1) 2(-1) 7(-1) 8(-1) 9(-1) 10(-1) 1(-1) 11(-1) 12(-1) 14(-1) 5(-1) 15(-1) 16(-1) 

At the end of time unit 45...
  History: 0011022331144556622778899aa11bbcc44ddee55ffgg6

  Queue: 6(0) 17(-1) 2(-1) 7(-1) 8(-1) 9(-1) 10(-1) 1(-1) 11(-1) 12(-1) 14(-1) 5(-1) 15(-1) 16(-1) 

=== [TIME 46] ===
At the end of time unit 46...
  History: 0011022331144556622778899aa11bbcc44ddee55ffgg66

  Queue: 6(0) 17(-1) 2(-1) 7(-1) 8(-1) 9(-1) 10(-1) 1(-1) 11(-1) 12(-1) 14(-1) 5(-1) 15(-1) 16(-1) 

=== [TIME 47] ===
Job 6 had its quantum expire. Processor is now running job 17.
  Queue: 17(0) 2(-1) 7(-1) 8(-1) 9(-1) 10(-1) 1(-1) 11(-1) 12(-1) 14(-1) 5(-1) 15(-1) 16(-1) 6(-1) 

At the end of time unit 47...
  History: 0011022331144556622778899aa11bbcc44ddee55ffgg66h

  Queue: 17(0) 2(-1) 7(-1) 8(-1) 9(-1) 10(-1) 1(-1) 11(-1) 12(-1) 14(-1) 5(-1) 15(-1) 16(-1) 6(-1) 

=== [TIME 48] ===
At the end of time unit 48...
  History: 0011022331144556622778899aa11bbcc44ddee55ffgg66hh

  Queue: 17(0) 2(-1) 7(-1) 8(-1) 9(-1) 10(-1) 1(-1) 11(-1) 12(-1) 14(-1) 5(-1) 15(-1) 16(-1) 6(-1) 

=== [TIME 49] ===
Job 17 had its quantum expire. Processor is now running job 2.
  Queue: 2(0) 7(-1) 8(-1) 9(-1) 10(-1) 1(-1) 11(-1) 12(-1) 14(-1) 5(-1) 15(-1) 16(-1) 6(-1) 17(-1) 

At the end of time unit 49...
  History: 0011022331144556622778899aa11bbcc44ddee55ffgg66hh2

  Queue: 2(0) 7(-1) 8(-1) 9(-1) 10(-1) 1(-1) 11(-1) 12(-1) 14(-1) 5(-1) 15(-1) 16(-1) 6(-1) 17(-1) 

=== [TIME 50] ===
Job 2 finished. Processor is now running job 7.
  Queue: 7(0) 8(-1) 9(-1) 10(-1) 1(-1) 11(-1) 12(-1) 14(-1) 5(-1) 15(-1) 16(-1) 6(-1) 17(-1) 

At the end of time unit 50...
  History: 0011022331144556622778899aa11bbcc44ddee55ffgg66hh27

  Queue: 7(0) 8(-1) 9(-1) 10(-1) 1(-1) 11(-1) 12(-1) 14(-1) 5(-1) 15(-1) 16(-1) 6(-1) 17(-1) 

=== [TIME 51] ===
Job 7 finished. Processor is now running job 8.
  Queue: 8(0) 9(-1) 10(-1) 1(-1) 11(-1) 12(-1) 14(-1) 5(-1) 15(-1) 16(-1) 6(-1) 17(-1) 

At the end of time unit 51...
  History: 0011022331144556622778899aa11bbcc44ddee55ffgg66hh278

  Queue: 8(0) 9(-1) 10(-1) 1(-1) 11(-1) 12(-1) 14(-1) 5(-1) 15(-1) 16(-1) 6(-1) 17(-1) 

=== [TIME 52] ===
At the end of time unit 52...
  History: 0011022331144556622778899aa11bbcc44ddee55ffgg66hh2788

  Queue: 8(0) 9(-1) 10(-1) 1(-1) 11(-1) 12(-1) 14(-1) 5(-1) 15(-1) 16(-1) 6(-1) 17(-1) 

=== [TIME 53] ===
Job 8 had its quantum expire. Processor is now running job 9.
  Queue: 9(0) 10(-1) 1(-1) 11(-1) 12(-1) 14(-1) 5(-1) 15(-1) 16(-1) 6(-1) 17(-1) 8(-1) 

At the end of time unit 53...
  History: 0011022331144556622778899aa11bbcc44ddee55ffgg66hh27889

  Queue: 9(0) 10(-1) 1(-1) 11(-1) 12(-1) 14(-1) 5(-1) 15(-1) 16(-1) 6(-1) 17(-1) 8(-1) 

=== [TIME 54] ===
At the end of time unit 54...
  History: 0011022331144556622778899aa11bbcc44ddee55ffgg66hh278899

  Queue: 9(0) 10(-1) 1(-1) 11(-1) 12(-1) 14(-1) 5(-1) 15(-1) 16(-1) 6(-1) 17(-1) 8(-1) 

=== [TIME 55] ===
Job 9 had its quantum expire. Processor is now running job 10.
  Queue: 10(0) 1(-1) 11(-1) 12(-1) 14(-1) 5(-1) 15(-1) 16(-1) 6(-1) 17(-1) 8(-1) 9(-1) 

At the end of time unit 55...
  History: 0011022331144556622778899aa11bbcc44ddee55ffgg66hh278899a

  Queue: 10(0) 1(-1) 11(-1) 12(-1) 14(-1) 5(-1) 15(-1) 16(-1) 6(-1) 17(-1) 8(-1) 9(-1) 

=== [TIME 56] ===
At the end of time unit 56...
  History: 0011022331144556622778899aa11bbcc44ddee55ffgg66hh278899aa

  Queue: 10(0) 1(-1) 11(-1) 12(-1) 14(-1) 5(-1) 15(-1) 16(-1) 6(-1) 17(-1) 8(-1) 9(-1) 

=== [TIME 57] ===
Job 10 had its quantum expire. Processor is now running job 1.
  Queue: 1(0) 11(-1) 12(-1) 14(-1) 5(-1) 15(-1) 16(-1) 6(-1) 17(-1) 8(-1) 9(-1) 10(-1) 

At the end of time unit 57...
  History: 0011022331144556622778899aa11bbcc44ddee55ffgg66hh278899aa1

  Queue: 1(0) 11(-1) 12(-1) 14(-1) 5(-1) 15(-1) 16(-1) 6(-1) 17(-1) 8(-1) 9(-1) 10(-1) 

=== [TIME 58] ===
At the end of time unit 58...
  History: 0011022331144556622778899aa11bbcc44ddee55ffgg66hh278899aa11

  Queue: 1(0) 11(-1) 12(-1) 14(-1) 5(-1) 15(-1) 16(-1) 6(-1) 17(-1) 8(-1) 9(-1) 10(-1) 

=== [TIME 59] ===
Job 1 had its quantum expire. Processor is now running job 11.
  Queue: 11(0) 12(-1) 14(-1) 5(-1) 15(-1) 16(-1) 6(-1) 17(-1) 8(-1) 9(-1) 10(-1) 1(-1) 

At the end of time unit 59...
  History: 0011022331144556622778899aa11bbcc44ddee55ffgg66hh278899aa11b

  Queue: 11(0) 12(-1) 14(-1) 5(-1) 15(-1) 16(-1) 6(-1) 17(-1) 8(-1) 9(-1) 10(-1) 1(-1) 

=== [TIME 60] ===
At the end of time unit 60...
  History: 0011022331144556622778899aa11bbcc44ddee55ffgg66hh278899aa11bb

  Queue: 11(0) 12(-1) 14(-1) 5(-1) 15(-1) 16(-1) 6(-1) 17(-1) 8(-1) 9(-1) 10(-1) 1(-1) 

=== [TIME 61] ===
Job 11 had its quantum expire. Processor is now running job 12.
  Queue: 12(0) 14(-1) 5(-1) 15(-1) 16(-1) 6(-1) 17(-1) 8(-1) 9(-1) 10(-1) 1(-1) 11(-1) 

At the end of time unit 61...
  History: 0011022331144556622778899aa11bbcc44ddee55ffgg66hh278899aa11bbc

  Queue: 12(0) 14(-1) 5(-1) 15(-1) 16(-1) 6(-1) 17(-1) 8(-1) 9(-1) 10(-1) 1(-1) 11(-1) 

=== [TIME 62] ===
At the end of time unit 62...
  History: 0011022331144556622778899aa11bbcc44ddee55ffgg66hh278899aa11bbcc

  Queue: 12(0) 14(-1) 5(-1) 15(-1) 16(-1) 6(-1) 17(-1) 8(-1) 9(-1) 10(-1) 1(-1) 11(-1) 

=== [TIME 63] ===
Job 12 had its quantum expire. Processor is now running job 14.
  Queue: 14(0) 5(-1) 15(-1) 16(-1) 6(-1) 17(-1) 8(-1) 9(-1) 10(-1) 1(-1) 11(-1) 12(-1) 

At the end of time unit 63...
  History: 0011022331144556622778899aa11bbcc44ddee55ffgg66hh278899aa11bbcce

  Queue: 14(0) 5(-1) 15(-1) 16(-1) 6(-1) 17(-1) 8(-1) 9(-1) 10(-1) 1(-1) 11(-1) 12(-1) 

=== [TIME 64] ===
At the end of time unit 64...
  History: 0011022331144556622778899aa11bbcc44ddee55ffgg66hh278899aa11bbccee

  Queue: 14(0) 5(-1) 15(-1) 16(-1) 6(-1) 17(-1) 8(-1) 9(-1) 10(-1) 1(-1) 11(-1) 12(-1) 

=== [TIME 65] ===
Job 14 had its quantum expire. Processor is now running job 5.
  Queue: 5(0) 15(-1) 16(-1) 6(-1) 17(-1) 8(-1) 9(-1) 10(-1) 1(-1) 11(-1) 12(-1) 14(-1) 

At the end of time unit 65...
  History: 0011022331144556622778899aa11bbcc44ddee55ffgg66hh278899aa11bbccee5

  Queue: 5(0) 15(-1) 16(-1) 6(-1) 17(-1) 8(-1) 9(-1) 10(-1) 1(-1) 11(-1) 12(-1) 14(-1) 

=== [TIME 66] ===
At the end of time unit 66...
  History: 0011022331144556622778899aa11bbcc44ddee55ffgg66hh278899aa11bbccee55

  Queue: 5(0) 15(-1) 16(-1) 6(-1) 17(-1) 8(-1) 9(-1) 10(-1) 1(-1) 11(-1) 12(-1) 14(-1) 

=== [TIME 67] ===
Job 5 had its quantum expire. Processor is now running job 15.
  Queue: 15(0) 16(-1) 6(-1) 17(-1) 8(-1) 9(-1) 10(-1) 1(-1) 11(-1) 12(-1) 14(-1) 5(-1) 

At the end of time unit 67...
  History: 0011022331144556622778899aa11bbcc44ddee55ffgg66hh278899aa11bbccee55f

  Queue: 15(0) 16(-1) 6(-1) 17(-1) 8(-1) 9(-1) 10(-1) 1(-1) 11(-1) 12(-1) 14(-1) 5(-1) 

=== [TIME 68] ===
At the end of time unit 68...
  History: 0011022331144556622778899aa11bbcc44ddee55ffgg66hh278899aa11bbccee55ff

  Queue: 15(0) 16(-1) 6(-1) 17(-1) 8(-1) 9(-1) 10(-1) 1(-1) 11(-1) 12(-1) 14(-1) 5(-1) 

=== [TIME 69] ===
Job 15 had its quantum expire. Processor is now running job 16.
  Queue: 16(0) 6(-1) 17(-1) 8(-1) 9(-1) 10(-1) 1(-1) 11(-1) 12(-1) 14(-1) 5(-1) 15(-1) 

At the end of time unit 69...
  History: 0011022331144556622778899aa11bbcc44ddee55ffgg66hh278899aa11bbccee55ffg

  Queue: 16(0) 6(-1) 17(-1) 8(-1) 9(-1) 10(-1) 1(-1) 11(-1) 12(-1) 14(-1) 5(-1) 15(-1) 

=== [TIME 70] ===
At the end of time unit 70...
  History: 0011022331144556622778899aa11bbcc44ddee55ffgg66hh278899aa11bbccee55ffgg

  Queue: 16(0) 6(-1) 17(-1) 8(-1) 9(-1) 10(-1) 1(-1) 11(-1) 12(-1) 14(-1) 5(-1) 15(-1) 

=== [TIME 71] ===
Job 16 had its quantum expire. Processor is now running job 6.
  Queue: 6(0) 17(-1) 8(-1) 9(-1) 10(-1) 1(-1) 11(-1) 12(-1) 14(-1) 5(-1) 15(-1) 16(-1) 

At the end of time unit 71...
  History: 0011022331144556622778899aa11bbcc44ddee55ffgg66hh278899aa11bbccee55ffgg6

  Queue: 6(0) 17(-1) 8(-1) 9(-1) 10(-1) 1(-1) 11(-1) 12(-1) 14(-1) 5(-1) 15(-1) 16(-1) 

=== [TIME 72] ===
At the end of time unit 72...
  History: 0011022331144556622778899aa11bbcc44ddee55ffgg66hh278899aa11bbccee55ffgg66

  Queue: 6(0) 17(-1) 8(-1) 9(-1) 10(-1) 1(-1) 11(-1) 12(-1) 14(-1) 5(-1) 15(-1) 16(-1) 

=== [TIME 73] ===
Job 6 had its quantum expire. Processor is now running job 17.
  Queue: 17(0) 8(-1) 9(-1) 10(-1) 1(-1) 11(-1) 12(-1) 14(-1) 5(-1) 15(-1) 16(-1) 6(-1) 

At the end of time unit 73...
  History: 0011022331144556622778899aa11bbcc44ddee55ffgg66hh278899aa11bbccee55ffgg66h

  Queue: 17(0) 8(-1) 9(-1) 10(-1) 1(-1) 11(-1) 12(-1) 14(-1) 5(-1) 15(-1) 16(-1) 6(-1) 

=== [TIME 74] ===
At the end of time unit 74...
  History: 0011022331144556622778899aa11bbcc44ddee55ffgg66hh278899aa11bbccee55ffgg66hh

  Queue: 17(0) 8(-1) 9(-1) 10(-1) 1(-1) 11(-1) 12(-1) 14(-1) 5(-1) 15(-1) 16(-1) 6(-1) 

=== [TIME 75] ===
Job 17 had its quantum expire. Processor is now running job 8.
  Queue: 8(0) 9(-1) 10(-1) 1(-1) 11(-1) 12(-1) 14(-1) 5(-1) 15(-1) 16(-1) 6(-1) 17(-1) 

At the end of time unit 75...
  History: 0011022331144556622778899aa11bbcc44ddee55ffgg66hh278899aa11bbccee55ffgg66hh8

  Queue: 8(0) 9(-1) 10(-1) 1(-1) 11(-1) 12(-1) 14(-1) 5(-1) 15(-1) 16(-1) 6(-1) 17(-1) 

=== [TIME 76] ===
At the end of time unit 76...
  History: 0011022331144556622778899aa11bbcc44ddee55ffgg66hh278899aa11bbccee55ffgg66hh88

  Queue: 8(0) 9(-1) 10(-1) 1(-1) 11(-1) 12(-1) 14(-1) 5(-1) 15(-1) 16(-1) 6(-1) 17(-1) 

=== [TIME 77] ===
Job 8 had its quantum expire. Processor is now running job 9.
  Queue: 9(0) 10(-1) 1(-1) 11(-1) 12(-1) 14(-1) 5(-1) 15(-1) 16(-1) 6(-1) 17(-1) 8(-1) 

At the end of time unit 77...
  History: 0011022331144556622778899aa11bbcc44ddee55ffgg66hh278899aa11bbccee55ffgg66hh889

  Queue: 9(0) 10(-1) 1(-1) 11(-1) 12(-1) 14(-1) 5(-1) 15(-1) 16(-1) 6(-1) 17(-1) 8(-1) 

=== [TIME 78] ===
At the end of time unit 78...
  History: 0011022331144556622778899aa11bbcc44ddee55ffgg66hh278899aa11bbccee55ffgg66hh8899

  Queue: 9(0) 10(-1) 1(-1) 11(-1) 12(-1) 14(-1) 5(-1) 15(-1) 16(-1) 6(-1) 17(-1) 8(-1) 

=== [TIME 79] ===
Job 9 had its quantum expire. Processor is now running job 10.
  Queue: 10(0) 1(-1) 11(-1) 12(-1) 14(-1) 5(-1) 15(-1) 16(-1) 6(-1) 17(-1) 8(-1) 9(-1) 

At the end of time unit 79...
  History: 0011022331144556622778899aa11bbcc44ddee55ffgg66hh278899aa11bbccee55ffgg66hh8899a

  Queue: 10(0) 1(-1) 11(-1) 12(-1) 14(-1) 5(-1) 15(-1) 16(-1) 6(-1) 17(-1) 8(-1) 9(-1) 

=== [TIME 80] ===
At the end of time unit 80...
  History: 0011022331144556622778899aa11bbcc44ddee55ffgg66hh278899aa11bbccee55ffgg66hh8899aa

  Queue: 10(0) 1(-1) 11(-1) 12(-1) 14(-1) 5(-1) 15(-1) 16(-1) 6(-1) 17(-1) 8(-1) 9(-1) 

=== [TIME 81] ===
Job 10 had its quantum expire. Processor is now running job 1.
  Queue: 1(0) 11(-1) 12(-1) 14(-1) 5(-1) 15(-1) 16(-1) 6(-1) 17(-1) 8(-1) 9(-1) 10(-1) 

At the end of time unit 81...
  History: 0011022331144556622778899aa11bbcc44ddee55ffgg66hh278899aa11bbccee55ffgg66hh8899aa1

  Queue: 1(0) 11(-1) 12(-1) 14(-1) 5(-1) 15(-1) 16(-1) 6(-1) 17(-1) 8(-1) 9(-1) 10(-1) 

=== [TIME 82] ===
At the end of time unit 82...
  History: 0011022331144556622778899aa11bbcc44ddee55ffgg66hh278899aa11bbccee55ffgg66hh8899aa11

  Queue: 1(0) 11(-1) 12(-1) 14(-1) 5(-1) 15(-1) 16(-1) 6(-1) 17(-1) 8(-1) 9(-1) 10(-1) 

=== [TIME 83] ===
Job 1 had its quantum expire. Processor is now running job 11.
  Queue: 11(0) 12(-1) 14(-1) 5(-1) 15(-1) 16(-1) 6(-1) 17(-1) 8(-1) 9(-1) 10(-1) 1(-1) 

At the end of time unit 83...
  History: 0011022331144556622778899aa11bbcc44ddee55ffgg66hh278899aa11bbccee55ffgg66hh8899aa11b

  Queue: 11(0) 12(-1) 14(-1) 5(-1) 15(-1) 16(-1) 6(-1) 17(-1) 8(-1) 9(-1) 10(-1) 1(-1) 

=== [TIME 84] ===
At the end of time unit 84...
  History: 0011022331144556622778899aa11bbcc44ddee55ffgg66hh278899aa11bbccee55ffgg66hh8899aa11bb

  Queue: 11(0) 12(-1) 14(-1) 5(-1) 15(-1) 16(-1) 6(-1) 17(-1) 8(-1) 9(-1) 10(-1) 1(-1) 

=== [TIME 85] ===
Job 11 had its quantum expire. Processor is now running job 12.
  Queue: 12(0) 14(-1) 5(-1) 15(-1) 16(-1) 6(-1) 17(-1) 8(-1) 9(-1) 10(-1) 1(-1) 11(-1) 

At the end of time unit 85...
  History: 0011022331144556622778899aa11bbcc44ddee55ffgg66hh278899aa11bbccee55ffgg66hh8899aa11bbc

  Queue: 12(0) 14(-1) 5(-1) 15(-1) 16(-1) 6(-1) 17(-1) 8(-1) 9(-1) 10(-1) 1(-1) 11(-1) 

=== [TIME 86] ===
At the end of time unit 86...
  History: 0011022331144556622778899aa11bbcc44ddee55ffgg66hh278899aa11bbccee55ffgg66hh8899aa11bbcc

  Queue: 12(0) 14(-1) 5(-1) 15(-1) 16(-1) 6(-1) 17(-1) 8(-1) 9(-1) 10(-1) 1(-1) 11(-1) 

=== [TIME 87] ===
Job 12 had its quantum expire. Processor is now running job 14.
  Queue: 14(0) 5(-1) 15(-1) 16(-1) 6(-1) 17(-1) 8(-1) 9(-1) 10(-1) 1(-1) 11(-1) 12(-1) 

At the end of time unit 87...
  History: 0011022331144556622778899aa11bbcc44ddee55ffgg66hh278899aa11bbccee55ffgg66hh8899aa11bbcce

  Queue: 14(0) 5(-1) 15(-1) 16(-1) 6(-1) 17(-1) 8(-1) 9(-1) 10(-1) 1(-1) 11(-1) 12(-1) 

=== [TIME 88] ===
At the end of time unit 88...
  History: 0011022331144556622778899aa11bbcc44ddee55ffgg66hh278899aa11bbccee55ffgg66hh8899aa11bbccee

  Queue: 14(0) 5(-1) 15(-1) 16(-1) 6(-1) 17(-1) 8(-1) 9(-1) 10(-1) 1(-1) 11(-1) 12(-1) 

=== [TIME 89] ===
Job 14 had its quantum expire. Processor is now running job 5.
  Queue: 5(0) 15(-1) 16(-1) 6(-1) 17(-1) 8(-1) 9(-1) 10(-1) 1(-1) 11(-1) 12(-1) 14(-1) 

At the end of time unit 89...
  History: 0011022331144556622778899aa11bbcc44ddee55ffgg66hh278899aa11bbccee55ffgg66hh8899aa11bbccee5

  Queue: 5(0) 15(-1) 16(-1) 6(-1) 17(-1) 8(-1) 9(-1) 10(-1) 1(-1) 11(-1) 12(-1) 14(-1) 

=== [TIME 90] ===
At the end of time unit 90...
  History: 0011022331144556622778899aa11bbcc44ddee55ffgg66hh278899aa11bbccee55ffgg66hh8899aa11bbccee55

  Queue: 5(0) 15(-1) 16(-1) 6(-1) 17(-1) 8(-1) 9(-1) 10(-1) 1(-1) 11(-1) 12(-1) 14(-1) 

=== [TIME 91] ===
Job 5 finished. Processor is now running job 15.
  Queue: 15(0) 16(-1) 6(-1) 17(-1) 8(-1) 9(-1) 10(-1) 1(-1) 11(-1) 12(-1) 14(-1) 

At the end of time unit 91...
  History: 0011022331144556622778899aa11bbcc44ddee55ffgg66hh278899aa11bbccee55ffgg66hh8899aa11bbccee55f

  Queue: 15(0) 16(-1) 6(-1) 17(-1) 8(-1) 9(-1) 10(-1) 1(-1) 11(-1) 12(-1) 14(-1) 

=== [TIME 92] ===
At the end of time unit 92...
  History: 0011022331144556622778899aa11bbcc44ddee55ffgg66hh278899aa11bbccee55ffgg66hh8899aa11bbccee55ff

  Queue: 15(0) 16(-1) 6(-1) 17(-1) 8(-1) 9(-1) 10(-1) 1(-1) 11(-1) 12(-1) 14(-1) 

=== [TIME 93] ===
Job 15 had its quantum expire. Processor is now running job 16.
  Queue: 16(0) 6(-1) 17(-1) 8(-1) 9(-1) 10(-1) 1(-1) 11(-1) 12(-1) 14(-1) 15(-1) 

At the end of time unit 93...
  History: 0011022331144556622778899aa11bbcc44ddee55ffgg66hh278899aa11bbccee55ffgg66hh8899aa11bbccee55ffg

  Queue: 16(0) 6(-1) 17(-1) 8(-1) 9(-1) 10(-1) 1(-1) 11(-1) 12(-1) 14(-1) 15(-1) 

=== [TIME 94] ===
At the end of time unit 94...
  History: 0011022331144556622778899aa11bbcc44ddee55ffgg66hh278899aa11bbccee55ffgg66hh8899aa11bbccee55ffgg

  Queue: 16(0) 6(-1) 17(-1) 8(-1) 9(-1) 10(-1) 1(-1) 11(-1) 12(-1) 14(-1) 15(-1) 

=== [TIME 95] ===
Job 16 had its quantum expire. Processor is now running job 6.
  Queue: 6(0) 17(-1) 8(-1) 9(-1) 10(-1) 1(-1) 11(-1) 12(-1) 14(-1) 15(-1) 16(-1) 

At the end of time unit 95...
  History: 0011022331144556622778899aa11bbcc44ddee55ffgg66hh278899aa11bbccee55ffgg66hh8899aa11bbccee55ffgg6

  Queue: 6(0) 17(-1) 8(-1) 9(-1) 10(-1) 1(-1) 11(-1) 12(-1) 14(-1) 15(-1) 16(-1) 

=== [TIME 96] ===
At the end of time unit 96...
  History: 0011022331144556622778899aa11bbcc44ddee55ffgg66hh278899aa11bbccee55ffgg66hh8899aa11bbccee55ffgg66

  Queue: 6(0) 17(-1) 8(-1) 9(-1) 10(-1) 1(-1) 11(-1) 12(-1) 14(-1) 15(-1) 16(-1) 

=== [TIME 97] ===
Job 6 had its quantum expire. Processor is now running job 17.
  Queue: 17(0) 8(-1) 9(-1) 10(-1) 1(-1) 11(-1) 12(-1) 14(-1) 15(-1) 16(-1) 6(-1) 

At the end of time unit 97...
  History: 0011022331144556622778899aa11bbcc44ddee55ffgg66hh278899aa11bbccee55ffgg66hh8899aa11bbccee55ffgg66h

  Queue: 17(0) 8(-1) 9(-1) 10(-1) 1(-1) 11(-1) 12(-1) 14(-1) 15(-1) 16(-1) 6(-1) 

=== [TIME 98] ===
At the end of time unit 98...
  History: 0011022331144556622778899aa11bbcc44ddee55ffgg66hh278899aa11bbccee55ffgg66hh8899aa11bbccee55ffgg66hh

  Queue: 17(0) 8(-1) 9(-1) 10(-1) 1(-1) 11(-1) 12(-1) 14(-1) 15(-1) 16(-1) 6(-1) 

=== [TIME 99] ===
Job 17 had its quantum expire. Processor is now running job 8.
  Queue: 8(0) 9(-1) 10(-1) 1(-1) 11(-1) 12(-1) 14(-1) 15(-1) 16(-1) 6(-1) 17(-1) 

At the end of time unit 99...
  History: 0011022331144556622778899aa11bbcc44ddee55ffgg66hh278899aa11bbccee55ffgg66hh8899aa11bbccee55ffgg66hh8

  Queue: 8(0) 9(-1) 10(-1) 1(-1) 11(-1) 12(-1) 14(-1) 15(-1) 16(-1) 6(-1) 17(-1) 

=== [TIME 100] ===
At the end of time unit 100...
  History: 0011022331144556622778899aa11bbcc44ddee55ffgg66hh278899aa11bbccee55ffgg66hh8899aa11bbccee55ffgg66hh88

  Queue: 8(0) 9(-1) 10(-1) 1(-1) 11(-1) 12(-1) 14(-1) 15(-1) 16(-1) 6(-1) 17(-1) 

=== [TIME 101] ===
Job 8 had its quantum expire. Processor is now running job 9.
  Queue: 9(0) 10(-1) 1(-1) 11(-1) 12(-1) 14(-1) 15(-1) 16(-1) 6(-1) 17(-1) 8(-1) 

At the end of time unit 101...
  History: 0011022331144556622778899aa11bbcc44ddee55ffgg66hh278899aa11bbccee55ffgg66hh8899aa11bbccee55ffgg66hh889

  Queue: 9(0) 10(-1) 1(-1) 11(-1) 12(-1) 14(-1) 15(-1) 16(-1) 6(-1) 17(-1) 8(-1) 

=== [TIME 102] ===
At the end of time unit 102...
  History: 0011022331144556622778899aa11bbcc44ddee55ffgg66hh278899aa11bbccee55ffgg66hh8899aa11bbccee55ffgg66hh8899

  Queue: 9(0) 10(-1) 1(-1) 11(-1) 12(-1) 14(-1) 15(-1) 16(-1) 6(-1) 17(-1) 8(-1) 

=== [TIME 103] ===
Job 9 had its quantum expire. Processor is now running job 10.
  Queue: 10(0) 1(-1) 11(-1) 12(-1) 14(-1) 15(-1) 16(-1) 6(-1) 17(-1) 8(-1) 9(-1) 

At the end of time unit 103...
  History: 0011022331144556622778899aa11bbcc44ddee55ffgg66hh278899aa11bbccee55ffgg66hh8899aa11bbccee55ffgg66hh8899a

  Queue: 10(0) 1(-1) 11(-1) 12(-1) 14(-1) 15(-1) 16(-1) 6(-1) 17(-1) 8(-1) 9(-1) 

=== [TIME 104] ===
At the end of time unit 104...
  History: 0011022331144556622778899aa11bbcc44ddee55ffgg66hh278899aa11bbccee55ffgg66hh8899aa11bbccee55ffgg66hh8899aa

  Queue: 10(0) 1(-1) 11(-1) 12(-1) 14(-1) 15(-1) 16(-1) 6(-1) 17(-1) 8(-1) 9(-1) 

=== [TIME 105] ===
Job 10 had its quantum expire. Processor is now running job 1.
  Queue: 1(0) 11(-1) 12(-1) 14(-1) 15(-1) 16(-1) 6(-1) 17(-1) 8(-1) 9(-1) 10(-1) 

At the end of time unit 105...
  History: 0011022331144556622778899aa11bbcc44ddee55ffgg66hh278899aa11bbccee55ffgg66hh8899aa11bbccee55ffgg66hh8899aa1

  Queue: 1(0) 11(-1) 12(-1) 14(-1) 15(-1) 16(-1) 6(-1) 17(-1) 8(-1) 9(-1) 10(-1) 

=== [TIME 106] ===
At the end of time unit 106...
  History: 0011022331144556622778899aa11bbcc44ddee55ffgg66hh278899aa11bbccee55ffgg66hh8899aa11bbccee55ffgg66hh8899aa11

  Queue: 1(0) 11(-1) 12(-1) 14(-1) 15(-1) 16(-1) 6(-1) 17(-1) 8(-1) 9(-1) 10(-1) 

=== [TIME 107] ===
Job 1 had its quantum expire. Processor is now running job 11.
  Queue: 11(0) 12(-1) 14(-1) 15(-1) 16(-1) 6(-1) 17(-1) 8(-1) 9(-1) 10(-1) 1(-1) 

At the end of time unit 107...
  History: 0011022331144556622778899aa11bbcc44ddee55ffgg66hh278899aa11bbccee55ffgg66hh8899aa11bbccee55ffgg66hh8899aa11b

  Queue: 11(0) 12(-1) 14(-1) 15(-1) 16(-1) 6(-1) 17(-1) 8(-1) 9(-1) 10(-1) 1(-1) 

=== [TIME 108] ===
At the end of time unit 108...
  History: 0011022331144556622778899aa11bbcc44ddee55ffgg66hh278899aa11bbccee55ffgg66hh8899aa11bbccee55ffgg66hh8899aa11bb

  Queue: 11(0) 12(-1) 14(-1) 15(-1) 16(-1) 6(-1) 17(-1) 8(-1) 9(-1) 10(-1) 1(-1) 

=== [TIME 109] ===
Job 11 had its quantum expire. Processor is now running job 12.
  Queue: 12(0) 14(-1) 15(-1) 16(-1) 6(-1) 17(-1) 8(-1) 9(-1) 10(-1) 1(-1) 11(-1) 

At the end of time unit 109...
  History: 0011022331144556622778899aa11bbcc44ddee55ffgg66hh278899aa11bbccee55ffgg66hh8899aa11bbccee55ffgg66hh8899aa11bbc

  Queue: 12(0) 14(-1) 15(-1) 16(-1) 6(-1) 17(-1) 8(-1) 9(-1) 10(-1) 1(-1) 11(-1) 

=== [TIME 110] ===
At the end of time unit 110...
  History: 0011022331144556622778899aa11bbcc44ddee55ffgg66hh278899aa11bbccee55ffgg66hh8899aa11bbccee55ffgg66hh8899aa11bbcc

  Queue: 12(0) 14(-1) 15(-1) 16(-1) 6(-1) 17(-1) 8(-1) 9(-1) 10(-1) 1(-1) 11(-1) 

=== [TIME 111] ===
Job 12 had its quantum expire. Processor is now running job 14.
  Queue: 14(0) 15(-1) 16(-1) 6(-1) 17(-1) 8(-1) 9(-1) 10(-1) 1(-1) 11(-1) 12(-1) 

At the end of time unit 111...
  History: 0011022331144556622778899aa11bbcc44ddee55ffgg66hh278899aa11bbccee55ffgg66hh8899aa11bbccee55ffgg66hh8899aa11bbcce

  Queue: 14(0) 15(-1) 16(-1) 6(-1) 17(-1) 8(-1) 9(-1) 10(-1) 1(-1) 11(-1) 12(-1) 

=== [TIME 112] ===
Job 14 finished. Processor is now running job 15.
  Queue: 15(0) 16(-1) 6(-1) 17(-1) 8(-1) 9(-1) 10(-1) 1(-1) 11(-1) 12(-1) 

At the end of time unit 112...
  History: 0011022331144556622778899aa11bbcc44ddee55ffgg66hh278899aa11bbccee55ffgg66hh8899aa11bbccee55ffgg66hh8899aa11bbccef

  Queue: 15(0) 16(-1) 6(-1) 17(-1) 8(-1) 9(-1) 10(-1) 1(-1) 11(-1) 12(-1) 

=== [TIME 113] ===
At the end of time unit 113...
  History: 0011022331144556622778899aa11bbcc44ddee55ffgg66hh278899aa11bbccee55ffgg66hh8899aa11bbccee55ffgg66hh8899aa11bbcceff

  Queue: 15(0) 16(-1) 6(-1) 17(-1) 8(-1) 9(-1) 10(-1) 1(-1) 11(-1) 12(-1) 

=== [TIME 114] ===
Job 15 had its quantum expire. Processor is now running job 16.
  Queue: 16(0) 6(-1) 17(-1) 8(-1) 9(-1) 10(-1) 1(-1) 11(-1) 12(-1) 15(-1) 

At the end of time unit 114...
  History: 0011022331144556622778899aa11bbcc44ddee55ffgg66hh278899aa11bbccee55ffgg66hh8899aa11bbccee55ffgg66hh8899aa11bbcceffg

  Queue: 16(0) 6(-1) 17(-1) 8(-1) 9(-1) 10(-1) 1(-1) 11(-1) 12(-1) 15(-1) 

=== [TIME 115] ===
At the end of time unit 115...
  History: 0011022331144556622778899aa11bbcc44ddee55ffgg66hh278899aa11bbccee55ffgg66hh8899aa11bbccee55ffgg66hh8899aa11bbcceffgg

  Queue: 16(0) 6(-1) 17(-1) 8(-1) 9(-1) 10(-1) 1(-1) 11(-1) 12(-1) 15(-1) 

=== [TIME 116] ===
Job 16 had its quantum expire. Processor is now running job 6.
  Queue: 6(0) 17(-1) 8(-1) 9(-1) 10(-1) 1(-1) 11(-1) 12(-1) 15(-1) 16(-1) 

At the end of time unit 116...
  History: 0011022331144556622778899aa11bbcc44ddee55ffgg66hh278899aa11bbccee55ffgg66hh8899aa11bbccee55ffgg66hh8899aa11bbcceffgg6

  Queue: 6(0) 17(-1) 8(-1) 9(-1) 10(-1) 1(-1) 11(-1) 12(-1) 15(-1) 16(-1) 

=== [TIME 117] ===
At the end of time unit 117...
  History: 0011022331144556622778899aa11bbcc44ddee55ffgg66hh278899aa11bbccee55ffgg66hh8899aa11bbccee55ffgg66hh8899aa11bbcceffgg66

  Queue: 6(0) 17(-1) 8(-1) 9(-1) 10(-1) 1(-1) 11(-1) 12(-1) 15(-1) 16(-1) 

=== [TIME 118] ===
Job 6 had its quantum expire. Processor is now running job 17.
  Queue: 17(0) 8(-1) 9(-1) 10(-1) 1(-1) 11(-1) 12(-1) 15(-1) 16(-1) 6(-1) 

At the end of time unit 118...
  History: 0011022331144556622778899aa11bbcc44ddee55ffgg66hh278899aa11bbccee55ffgg66hh8899aa11bbccee55ffgg66hh8899aa11bbcceffgg66h

  Queue: 17(0) 8(-1) 9(-1) 10(-1) 1(-1) 11(-1) 12(-1) 15(-1) 16(-1) 6(-1) 

=== [TIME 119] ===
At the end of time unit 119...
  History: 0011022331144556622778899aa11bbcc44ddee55ffgg66hh278899aa11bbccee55ffgg66hh8899aa11bbccee55ffgg66hh8899aa11bbcceffgg66hh

  Queue: 17(0) 8(-1) 9(-1) 10(-1) 1(-1) 11(-1) 12(-1) 15(-1) 16(-1) 6(-1) 

=== [TIME 120] ===
Job 17 had its quantum expire. Processor is now running job 8.
  Queue: 8(0) 9(-1) 10(-1) 1(-1) 11(-1) 12(-1) 15(-1) 16(-1) 6(-1) 17(-1) 

At the end of time unit 120...
  History: 0011022331144556622778899aa11bbcc44ddee55ffgg66hh278899aa11bbccee55ffgg66hh8899aa11bbccee55ffgg66hh8899aa11bbcceffgg66hh8

  Queue: 8(0) 9(-1) 10(-1) 1(-1) 11(-1) 12(-1) 15(-1) 16(-1) 6(-1) 17(-1) 

=== [TIME 121] ===
At the end of time unit 121...
  History: 0011022331144556622778899aa11bbcc44ddee55ffgg66hh278899aa11bbccee55ffgg66hh8899aa11bbccee55ffgg66hh8899aa11bbcceffgg66hh88

  Queue: 8(0) 9(-1) 10(-1) 1(-1) 11(-1) 12(-1) 15(-1) 16(-1) 6(-1) 17(-1) 

=== [TIME 122] ===
Job 8 had its quantum expire. Processor is now running job 9.
  Queue: 9(0) 10(-1) 1(-1) 11(-1) 12(-1) 15(-1) 16(-1) 6(-1) 17(-1) 8(-1) 

At the end of time unit 122...
  History: 0011022331144556622778899aa11bbcc44ddee55ffgg66hh278899aa11bbccee55ffgg66hh8899aa11bbccee55ffgg66hh8899aa11bbcceffgg66hh889

  Queue: 9(0) 10(-1) 1(-1) 11(-1) 12(-1) 15(-1) 16(-1) 6(-1) 17(-1) 8(-1) 

=== [TIME 123] ===
Job 9 finished. Processor is now running job 10.
  Queue: 10(0) 1(-1) 11(-1) 12(-1) 15(-1) 16(-1) 6(-1) 17(-1) 8(-1) 

At the end of time unit 123...
  History: 0011022331144556622778899aa11bbcc44ddee55ffgg66hh278899aa11bbccee55ffgg66hh8899aa11bbccee55ffgg66hh8899aa11bbcceffgg66hh889a

  Queue: 10(0) 1(-1) 11(-1) 12(-1) 15(-1) 16(-1) 6(-1) 17(-1) 8(-1) 

=== [TIME 124] ===
At the end of time unit 124...
  History: 0011022331144556622778899aa11bbcc44ddee55ffgg66hh278899aa11bbccee55ffgg66hh8899aa11bbccee55ffgg66hh8899aa11bbcceffgg66hh889aa

  Queue: 10(0) 1(-1) 11(-1) 12(-1) 15(-1) 16(-1) 6(-1) 17(-1) 8(-1) 

=== [TIME 125] ===
Job 10 had its quantum expire. Processor is now running job 1.
  Queue: 1(0) 11(-1) 12(-1) 15(-1) 16(-1) 6(-1) 17(-1) 8(-1) 10(-1) 

At the end of time unit 125...
  History: 0011022331144556622778899aa11bbcc44ddee55ffgg66hh278899aa11bbccee55ffgg66hh8899aa11bbccee55ffgg66hh8899aa11bbcceffgg66hh889aa1

  Queue: 1(0) 11(-1) 12(-1) 15(-1) 16(-1) 6(-1) 17(-1) 8(-1) 10(-1) 

=== [TIME 126] ===
At the end of time unit 126...
  History: 0011022331144556622778899aa11bbcc44ddee55ffgg66hh278899aa11bbccee55ffgg66hh8899aa11bbccee55ffgg66hh8899aa11bbcceffgg66hh889aa11

  Queue: 1(0) 11(-1) 12(-1) 15(-1) 16(-1) 6(-1) 17(-1) 8(-1) 10(-1) 

=== [TIME 127] ===
Job 1 had its quantum expire. Processor is now running job 11.
  Queue: 11(0) 12(-1) 15(-1) 16(-1) 6(-1) 17(-1) 8(-1) 10(-1) 1(-1) 

At the end of time unit 127...
  History: 0011022331144556622778899aa11bbcc44ddee55ffgg66hh278899aa11bbccee55ffgg66hh8899aa11bbccee55ffgg66hh8899aa11bbcceffgg66hh889aa11b

  Queue: 11(0) 12(-1) 15(-1) 16(-1) 6(-1) 17(-1) 8(-1) 10(-1) 1(-1) 

=== [TIME 128] ===
Job 11 finished. Processor is now running job 12.
  Queue: 12(0) 15(-1) 16(-1) 6(-1) 17(-1) 8(-1) 10(-1) 1(-1) 

At the end of time unit 128...
  History: 0011022331144556622778899aa11bbcc44ddee55ffgg66hh278899aa11bbccee55ffgg66hh8899aa11bbccee55ffgg66hh8899aa11bbcceffgg66hh889aa11bc

  Queue: 12(0) 15(-1) 16(-1) 6(-1) 17(-1) 8(-1) 10(-1) 1(-1) 

=== [TIME 129] ===
At the end of time unit 129...
  History: 0011022331144556622778899aa11bbcc44ddee55ffgg66hh278899aa11bbccee55ffgg66hh8899aa11bbccee55ffgg66hh8899aa11bbcceffgg66hh889aa11bcc

  Queue: 12(0) 15(-1) 16(-1) 6(-1) 17(-1) 8(-1) 10(-1) 1(-1) 

=== [TIME 130] ===
Job 12 had its quantum expire. Processor is now running job 15.
  Queue: 15(0) 16(-1) 6(-1) 17(-1) 8(-1) 10(-1) 1(-1) 12(-1) 

At the end of time unit 130...
  History: 0011022331144556622778899aa11bbcc44ddee55ffgg66hh278899aa11bbccee55ffgg66hh8899aa11bbccee55ffgg66hh8899aa11bbcceffgg66hh889aa11bccf

  Queue: 15(0) 16(-1) 6(-1) 17(-1) 8(-1) 10(-1) 1(-1) 12(-1) 

=== [TIME 131] ===
At the end of time unit 131...
  History: 0011022331144556622778899aa11bbcc44ddee55ffgg66hh278899aa11bbccee55ffgg66hh8899aa11bbccee55ffgg66hh8899aa11bbcceffgg66hh889aa11bccff

  Queue: 15(0) 16(-1) 6(-1) 17(-1) 8(-1) 10(-1) 1(-1) 12(-1) 

=== [TIME 132] ===
Job 15 had its quantum expire. Processor is now running job 16.
  Queue: 16(0) 6(-1) 17(-1) 8(-1) 10(-1) 1(-1) 12(-1) 15(-1) 

At the end of time unit 132...
  History: 0011022331144556622778899aa11bbcc44ddee55ffgg66hh278899aa11bbccee55ffgg66hh8899aa11bbccee55ffgg66hh8899aa11bbcceffgg66hh889aa11bccffg

  Queue: 16(0) 6(-1) 17(-1) 8(-1) 10(-1) 1(-1) 12(-1) 15(-1) 

=== [TIME 133] ===
At the end of time unit 133...
  History: 0011022331144556622778899aa11bbcc44ddee55ffgg66hh278899aa11bbccee55ffgg66hh8899aa11bbccee55ffgg66hh8899aa11bbcceffgg66hh889aa11bccffgg

  Queue: 16(0) 6(-1) 17(-1) 8(-1) 10(-1) 1(-1) 12(-1) 15(-1) 

=== [TIME 134] ===
Job 16 had its quantum expire. Processor is now running job 6.
  Queue: 6(0) 17(-1) 8(-1) 10(-1) 1(-1) 12(-1) 15(-1) 16(-1) 

At the end of time unit 134...
  History: 0011022331144556622778899aa11bbcc44ddee55ffgg66hh278899aa11bbccee55ffgg66hh8899aa11bbccee55ffgg66hh8899aa11bbcceffgg66hh889aa11bccffgg6

  Queue: 6(0) 17(-1) 8(-1) 10(-1) 1(-1) 12(-1) 15(-1) 16(-1) 

=== [TIME 135] ===
Job 6 finished. Processor is now running job 17.
  Queue: 17(0) 8(-1) 10(-1) 1(-1) 12(-1) 15(-1) 16(-1) 

At the end of time unit 135...
  History: 0011022331144556622778899aa11bbcc44ddee55ffgg66hh278899aa11bbccee55ffgg66hh8899aa11bbccee55ffgg66hh8899aa11bbcceffgg66hh889aa11bccffgg6h

  Queue: 17(0) 8(-1) 10(-1) 1(-1) 12(-1) 15(-1) 16(-1) 

=== [TIME 136] ===
Job 17 finished. Processor is now running job 8.
  Queue: 8(0) 10(-1) 1(-1) 12(-1) 15(-1) 16(-1) 

At the end of time unit 136...
  History: 0011022331144556622778899aa11bbcc44ddee55ffgg66hh278899aa11bbccee55ffgg66hh8899aa11bbccee55ffgg66hh8899aa11bbcceffgg66hh889aa11bccffgg6h8

  Queue: 8(0) 10(-1) 1(-1) 12(-1) 15(-1) 16(-1) 

=== [TIME 137] ===
At the end of time unit 137...
  History: 0011022331144556622778899aa11bbcc44ddee55ffgg66hh278899aa11bbccee55ffgg66hh8899aa11bbccee55ffgg66hh8899aa11bbcceffgg66hh889aa11bccffgg6h88

  Queue: 8(0) 10(-1) 1(-1) 12(-1) 15(-1) 16(-1) 

=== [TIME 138] ===
Job 8 had its quantum expire. Processor is now running job 10.
  Queue: 10(0) 1(-1) 12(-1) 15(-1) 16(-1) 8(-1) 

At the end of time unit 138...
  History: 0011022331144556622778899aa11bbcc44ddee55ffgg66hh278899aa11bbccee55ffgg66hh8899aa11bbccee55ffgg66hh8899aa11bbcceffgg66hh889aa11bccffgg6h88a

  Queue: 10(0) 1(-1) 12(-1) 15(-1) 16(-1) 8(-1) 

=== [TIME 139] ===
At the end of time unit 139...
  History: 0011022331144556622778899aa11bbcc44ddee55ffgg66hh278899aa11bbccee55ffgg66hh8899aa11bbccee55ffgg66hh8899aa11bbcceffgg66hh889aa11bccffgg6h88aa

  Queue: 10(0) 1(-1) 12(-1) 15(-1) 16(-1) 8(-1) 

=== [TIME 140] ===
Job 10 finished. Processor is now running job 1.
  Queue: 1(0) 12(-1) 15(-1) 16(-1) 8(-1) 

At the end of time unit 140...
  History: 0011022331144556622778899aa11bbcc44ddee55ffgg66hh278899aa11bbccee55ffgg66hh8899aa11bbccee55ffgg66hh8899aa11bbcceffgg66hh889aa11bccffgg6h88aa1

  Queue: 1(0) 12(-1) 15(-1) 16(-1) 8(-1) 

=== [TIME 141] ===
At the end of time unit 141...
  History: 0011022331144556622778899aa11bbcc44ddee55ffgg66hh278899aa11bbccee55ffgg66hh8899aa11bbccee55ffgg66hh8899aa11bbcceffgg66hh889aa11bccffgg6h88aa11

  Queue: 1(0) 12(-1) 15(-1) 16(-1) 8(-1) 

=== [TIME 142] ===
Job 1 had its quantum expire. Processor is now running job 12.
  Queue: 12(0) 15(-1) 16(-1) 8(-1) 1(-1) 

At the end of time unit 142...
  History: 0011022331144556622778899aa11bbcc44ddee55ffgg66hh278899aa11bbccee55ffgg66hh8899aa11bbccee55ffgg66hh8899aa11bbcceffgg66hh889aa11bccffgg6h88aa11c

  Queue: 12(0) 15(-1) 16(-1) 8(-1) 1(-1) 

=== [TIME 143] ===
At the end of time unit 143...
  History: 0011022331144556622778899aa11bbcc44ddee55ffgg66hh278899aa11bbccee55ffgg66hh8899aa11bbccee55ffgg66hh8899aa11bbcceffgg66hh889aa11bccffgg6h88aa11cc

  Queue: 12(0) 15(-1) 16(-1) 8(-1) 1(-1) 

=== [TIME 144] ===
Job 12 had its quantum expire. Processor is now running job 15.
  Queue: 15(0) 16(-1) 8(-1) 1(-1) 12(-1) 

At the end of time unit 144...
  History: 0011022331144556622778899aa11bbcc44ddee55ffgg66hh278899aa11bbccee55ffgg66hh8899aa11bbccee55ffgg66hh8899aa11bbcceffgg66hh889aa11bccffgg6h88aa11ccf

  Queue: 15(0) 16(-1) 8(-1) 1(-1) 12(-1) 

=== [TIME 145] ===
At the end of time unit 145...
  History: 0011022331144556622778899aa11bbcc44ddee55ffgg66hh278899aa11bbccee55ffgg66hh8899aa11bbccee55ffgg66hh8899aa11bbcceffgg66hh889aa11bccffgg6h88aa11ccff

  Queue: 15(0) 16(-1) 8(-1) 1(-1) 12(-1) 

=== [TIME 146] ===
Job 15 finished. Processor is now running job 16.
  Queue: 16(0) 8(-1) 1(-1) 12(-1) 

At the end of time unit 146...
  History: 0011022331144556622778899aa11bbcc44ddee55ffgg66hh278899aa11bbccee55ffgg66hh8899aa11bbccee55ffgg66hh8899aa11bbcceffgg66hh889aa11bccffgg6h88aa11ccffg

  Queue: 16(0) 8(-1) 1(-1) 12(-1) 

=== [TIME 147] ===
At the end of time unit 147...
  History: 0011022331144556622778899aa11bbcc44ddee55ffgg66hh278899aa11bbccee55ffgg66hh8899aa11bbccee55ffgg66hh8899aa11bbcceffgg66hh889aa11bccffgg6h88aa11ccffgg

  Queue: 16(0) 8(-1) 1(-1) 12(-1) 

=== [TIME 148] ===
Job 16 had its quantum expire. Processor is now running job 8.
  Queue: 8(0) 1(-1) 12(-1) 16(-1) 

At the end of time unit 148...
  History: 0011022331144556622778899aa11bbcc44ddee55ffgg66hh278899aa11bbccee55ffgg66hh8899aa11bbccee55ffgg66hh8899aa11bbcceffgg66hh889aa11bccffgg6h88aa11ccffgg8

  Queue: 8(0) 1(-1) 12(-1) 16(-1) 

=== [TIME 149] ===
At the end of time unit 149...
  History: 0011022331144556622778899aa11bbcc44ddee55ffgg66hh278899aa11bbccee55ffgg66hh8899aa11bbccee55ffgg66hh8899aa11bbcceffgg66hh889aa11bccffgg6h88aa11ccffgg88

  Queue: 8(0) 1(-1) 12(-1) 16(-1) 

=== [TIME 150] ===
Job 8 had its quantum expire. Processor is now running job 1.
  Queue: 1(0) 12(-1) 16(-1) 8(-1) 

At the end of time unit 150...
  History: 0011022331144556622778899aa11bbcc44ddee55ffgg66hh278899aa11bbccee55ffgg66hh8899aa11bbccee55ffgg66hh8899aa11bbcceffgg66hh889aa11bccffgg6h88aa11ccffgg881

  Queue: 1(0) 12(-1) 16(-1) 8(-1) 

=== [TIME 151] ===
At the end of time unit 151...
  History: 0011022331144556622778899aa11bbcc44ddee55ffgg66hh278899aa11bbccee55ffgg66hh8899aa11bbccee55ffgg66hh8899aa11bbcceffgg66hh889aa11bccffgg6h88aa11ccffgg8811

  Queue: 1(0) 12(-1) 16(-1) 8(-1) 

=== [TIME 152] ===
Job 1 had its quantum expire. Processor is now running job 12.
  Queue: 12(0) 16(-1) 8(-1) 1(-1) 

At the end of time unit 152...
  History: 0011022331144556622778899aa11bbcc44ddee55ffgg66hh278899aa11bbccee55ffgg66hh8899aa11bbccee55ffgg66hh8899aa11bbcceffgg66hh889aa11bccffgg6h88aa11ccffgg8811c

  Queue: 12(0) 16(-1) 8(-1) 1(-1) 

=== [TIME 153] ===
At the end of time unit 153...
  History: 0011022331144556622778899aa11bbcc44ddee55ffgg66hh278899aa11bbccee55ffgg66hh8899aa11bbccee55ffgg66hh8899aa11bbcceffgg66hh889aa11bccffgg6h88aa11ccffgg8811cc

  Queue: 12(0) 16(-1) 8(-1) 1(-1) 

=== [TIME 154] ===
Job 12 finished. Processor is now running job 16.
  Queue: 16(0) 8(-1) 1(-1) 

At the end of time unit 154...
  History: 0011022331144556622778899aa11bbcc44ddee55ffgg66hh278899aa11bbccee55ffgg66hh8899aa11bbccee55ffgg66hh8899aa11bbcceffgg66hh889aa11bccffgg6h88aa11ccffgg8811ccg

  Queue: 16(0) 8(-1) 1(-1) 

=== [TIME 155] ===
At the end of time unit 155...
  History: 0011022331144556622778899aa11bbcc44ddee55ffgg66hh278899aa11bbccee55ffgg66hh8899aa11bbccee55ffgg66hh8899aa11bbcceffgg66hh889aa11bccffgg6h88aa11ccffgg8811ccgg

  Queue: 16(0) 8(-1) 1(-1) 

=== [TIME 156] ===
Job 16 had its quantum expire. Processor is now running job 8.
  Queue: 8(0) 1(-1) 16(-1) 

At the end of time unit 156...
  History: 0011022331144556622778899aa11bbcc44ddee55ffgg66hh278899aa11bbccee55ffgg66hh8899aa11bbccee55ffgg66hh8899aa11bbcceffgg66hh889aa11bccffgg6h88aa11ccffgg8811ccgg8

  Queue: 8(0) 1(-1) 16(-1) 

=== [TIME 157] ===
Job 8 finished. Processor is now running job 1.
  Queue: 1(0) 16(-1) 

At the end of time unit 157...
  History: 0011022331144556622778899aa11bbcc44ddee55ffgg66hh278899aa11bbccee55ffgg66hh8899aa11bbccee55ffgg66hh8899aa11bbcceffgg66hh889aa11bccffgg6h88aa11ccffgg8811ccgg81

  Queue: 1(0) 16(-1) 

=== [TIME 158] ===
At the end of time unit 158...
  History: 0011022331144556622778899aa11bbcc44ddee55ffgg66hh278899aa11bbccee55ffgg66hh8899aa11bbccee55ffgg66hh8899aa11bbcceffgg66hh889aa11bccffgg6h88aa11ccffgg8811ccgg811

  Queue: 1(0) 16(-1) 

=== [TIME 159] ===
Job 1 finished. Processor is now running job 16.
  Queue: 16(0) 

At the end of time unit 159...
  History: 0011022331144556622778899aa11bbcc44ddee55ffgg66hh278899aa11bbccee55ffgg66hh8899aa11bbccee55ffgg66hh8899aa11bbcceffgg66hh889aa11bccffgg6h88aa11ccffgg8811ccgg811g

  Queue: 16(0) 

=== [TIME 160] ===
Job 16 finished. Processor is now running job -1.
  Queue: 

FINAL TIMING DIAGRAM:
  History: 0011022331144556622778899aa11bbcc44ddee55ffgg66hh278899aa11bbccee55ffgg66hh8899aa11bbccee55ffgg66hh8899aa11bbcceffgg66hh889aa11bccffgg6h88aa11ccffgg8811ccgg811g

Average Waiting Time: 84.17
Average Turnaround Time: 93.06
Average Response Time: 13.94
