Loaded 5 job(s) using Preemptive Shortest Remaining Time First (PSRTF) scheduling...

=== [TIME 0] ===
A new job, job 0 (running time=3, priority=2), arrived. Job 0 is now running on processor.
  Queue: 0(0) 

At the end of time unit 0...
  History: 0

  Queue: 0(0) 

=== [TIME 1] ===
A new job, job 1 (running time=10, priority=3), arrived. Job 1 is set to idle (-1).
  Queue: 0(0) 1(-1) 

At the end of time unit 1...
  History: 00

  Queue: 0(0) 1(-1) 

=== [TIME 2] ===
A new job, job 2 (running time=5, priority=1), arrived. Job 2 is set to idle (-1).
  Queue: 0(0) 2(-1) 1(-1) 

At the end of time unit 2...
  History: 000

  Queue: 0(0) 2(-1) 1(-1) 

=== [TIME 3] ===
Job 0 finished. Processor is now running job 2.
  Queue: 2(0) 1(-1) 

A new job, job 3 (running time=2, priority=4), arrived. Job 3 is now running on processor.
  Queue: 3(0) 2(-1) 1(-1) 

At the end of time unit 3...
  History: 0003

  Queue: 3(0) 2(-1) 1(-1) 

=== [TIME 4] ===
A new job, job 4 (running time=4, priority=5), arrived. Job 4 is set to idle (-1).
  Queue: 3(0) 4(-1) 2(-1) 1(-1) 

At the end of time unit 4...
  History: 00033

  Queue: 3(0) 4(-1) 2(-1) 1(-1) 

=== [TIME 5] ===
Job 3 finished. Processor is now running job 4.
  Queue: 4(0) 2(-1) 1(-1) 

At the end of time unit 5...
  History: 000334

  Queue: 4(0) 2(-1) 1(-1) 

=== [TIME 6] ===
At the end of time unit 6...
  History: 0003344

  Queue: 4(0) 2(-1) 1(-1) 

=== [TIME 7] ===
At the end of time unit 7...
  History: 00033444

  Queue: 4(0) 2(-1) 1(-1) 

=== [TIME 8] ===
At the end of time unit 8...
  History: 000334444

  Queue: 4(0) 2(-1) 1(-1) 

=== [TIME 9] ===
Job 4 finished. Processor is now running job 2.
  Queue: 2(0) 1(-1) 

At the end of time unit 9...
  History: 0003344442

  Queue: 2(0) 1(-1) 

=== [TIME 10] ===
At the end of time unit 10...
  History: 00033444422

  Queue: 2(0) 1(-1) 

=== [TIME 11] ===
At the end of time unit 11...
  History: 000334444222

  Queue: 2(0) 1(-1) 

=== [TIME 12] ===
At the end of time unit 12...
  History: 0003344442222

  Queue: 2(0) 1(-1) 

=== [TIME 13] ===
At the end of time unit 13...
  History: 00033444422222

  Queue: 2(0) 1(-1) 

=== [TIME 14] ===
Job 2 finished. Processor is now running job 1.
  Queue: 1(0) 

At the end of time unit 14...
  History: 000334444222221

  Queue: 1(0) 

=== [TIME 15] ===
At the end of time unit 15...
  History: 0003344442222211

  Queue: 1(0) 

=== [TIME 16] ===
At the end of time unit 16...
  History: 00033444422222111

  Queue: 1(0) 

=== [TIME 17] ===
At the end of time unit 17...
  History: 000334444222221111

  Queue: 1(0) 

=== [TIME 18] ===
At the end of time unit 18...
  History: 0003344442222211111

  Queue: 1(0) 

=== [TIME 19] ===
At the end of time unit 19...
  History: 00033444422222111111

  Queue: 1(0) 

=== [TIME 20] ===
At the end of time unit 20...
  History: 000334444222221111111

  Queue: 1(0) 

=== [TIME 21] ===
At the end of time unit 21...
  History: 0003344442222211111111

  Queue: 1(0) 

=== [TIME 22] ===
At the end of time unit 22...
  History: 00033444422222111111111

  Queue: 1(0) 

=== [TIME 23] ===
At the end of time unit 23...
  History: 000334444222221111111111

  Queue: 1(0) 

=== [TIME 24] ===
Job 1 finished. Processor is now running job -1.
  Queue: 

FINAL TIMING DIAGRAM:
  History: 000334444222221111111111

Average Waiting Time: 4.20
Average Turnaround Time: 9.00
Average Response Time: 4.20
